{"level":"info","message":"Login: admin@test.com (admin) from 127.0.0.1","timestamp":"2026-06-26 20:22:18"}
{"level":"info","message":"Initialising database...","timestamp":"2026-06-26 21:33:04"}
{"level":"warn","message":"PostgreSQL unavailable, using SQLite fallback:","timestamp":"2026-06-26 21:33:04"}
{"level":"info","message":"Initialising database...","timestamp":"2026-06-26 21:34:54"}
{"level":"info","message":"PostgreSQL connected","timestamp":"2026-06-26 21:34:54"}
{"level":"info","message":"Fetching initial TLE data...","timestamp":"2026-06-26 21:34:54"}
{"level":"info","message":"Fetching TLE data from CelesTrak...","timestamp":"2026-06-26 21:34:54"}
{"level":"info","message":"CelesTrak responded in 5680ms with 10651 satellites","timestamp":"2026-06-26 21:35:00"}
{"level":"info","message":"Stored/updated 0 satellites in DB","timestamp":"2026-06-26 21:35:34"}
{"level":"warn","message":"Failed to cache TLE snapshot:","timestamp":"2026-06-26 21:35:34"}
{"level":"info","message":"Initialising database...","timestamp":"2026-06-26 21:36:08"}
{"level":"info","message":"PostgreSQL connected","timestamp":"2026-06-26 21:36:08"}
{"level":"info","message":"Fetching initial TLE data...","timestamp":"2026-06-26 21:36:08"}
{"level":"info","message":"Fetching TLE data from CelesTrak...","timestamp":"2026-06-26 21:36:08"}
{"level":"error","message":"TLE refresh failed:","timestamp":"2026-06-26 21:36:09"}
{"level":"warn","message":"CelesTrak unavailable — using DB cache fallback","timestamp":"2026-06-26 21:36:09"}
{"level":"warn","message":"Initial TLE fetch failed:","timestamp":"2026-06-26 21:36:09"}
{"level":"info","message":"Initialising database...","timestamp":"2026-06-26 21:37:30"}
{"level":"info","message":"PostgreSQL connected","timestamp":"2026-06-26 21:37:30"}
{"level":"info","message":"Fetching initial TLE data...","timestamp":"2026-06-26 21:37:30"}
{"level":"info","message":"Fetching TLE data from CelesTrak...","timestamp":"2026-06-26 21:37:30"}
{"level":"error","message":"TLE refresh failed:","timestamp":"2026-06-26 21:37:32"}
{"level":"warn","message":"CelesTrak unavailable — using DB cache fallback","timestamp":"2026-06-26 21:37:32"}
{"level":"warn","message":"Initial TLE fetch failed:","timestamp":"2026-06-26 21:37:32"}
{"level":"info","message":"TLE refresh cron scheduled (every 2 hours)","timestamp":"2026-06-26 21:37:32"}
{"level":"info","message":"Telemetry loop started (10s interval, batch size: 100)","timestamp":"2026-06-26 21:37:32"}
{"level":"info","message":"Monitoring started (1-minute health checks)","timestamp":"2026-06-26 21:37:32"}
{"level":"info","message":"🚀 Starlink Pro server running on port 5001","timestamp":"2026-06-26 21:37:32"}
{"level":"info","message":"📡 GraphQL: http://localhost:5001/graphql","timestamp":"2026-06-26 21:37:32"}
{"level":"info","message":"❤️  Health:  http://localhost:5001/api/health","timestamp":"2026-06-26 21:37:32"}
{"level":"info","message":"🔌 WS:      ws://localhost:5001","timestamp":"2026-06-26 21:37:32"}
{"level":"info","message":"::1 - - [26/Jun/2026:20:38:58 +0000] \"GET /api/health HTTP/1.1\" 200 367 \"-\" \"Mozilla/5.0 (Macintosh; Intel Mac OS X 10_15_7) AppleWebKit/605.1.15 (KHTML, like Gecko) Version/26.5 Safari/605.1.15\"","timestamp":"2026-06-26 21:38:58"}
{"level":"error","message":"Login error:","timestamp":"2026-06-26 21:39:46"}
{"level":"info","message":"::1 - - [26/Jun/2026:20:39:46 +0000] \"POST /api/auth/login HTTP/1.1\" 500 24 \"-\" \"curl/8.7.1\"","timestamp":"2026-06-26 21:39:46"}
{"level":"info","message":"::1 - - [26/Jun/2026:20:39:52 +0000] \"GET /api/health HTTP/1.1\" 200 368 \"-\" \"Mozilla/5.0 (Macintosh; Intel Mac OS X 10_15_7) AppleWebKit/605.1.15 (KHTML, like Gecko) Version/26.5 Safari/605.1.15\"","timestamp":"2026-06-26 21:39:52"}
{"level":"info","message":"::1 - - [26/Jun/2026:20:41:03 +0000] \"POST /api/auth/login HTTP/1.1\" 401 31 \"-\" \"curl/8.7.1\"","timestamp":"2026-06-26 21:41:03"}
{"level":"info","message":"::1 - - [26/Jun/2026:20:42:02 +0000] \"POST /api/auth/login HTTP/1.1\" 401 31 \"-\" \"curl/8.7.1\"","timestamp":"2026-06-26 21:42:02"}
{"level":"info","message":"Login: admin@starlinkpro.local (admin) from ::1","timestamp":"2026-06-26 21:43:31"}
{"level":"info","message":"::1 - - [26/Jun/2026:20:43:31 +0000] \"POST /api/auth/login HTTP/1.1\" 200 447 \"-\" \"curl/8.7.1\"","timestamp":"2026-06-26 21:43:31"}
